2024-09-09 12:33:14 [main] INFO  testCases.TC_002_Login_DDT - Finished Test Cases...
2024-09-09 20:15:08 [main] INFO  testCases.TC_001_AccountRegister - Starting Test Cases.....
2024-09-09 20:15:08 [main] INFO  testCases.TC_001_AccountRegister - Clicked on My Account...
2024-09-09 20:15:09 [main] INFO  testCases.TC_001_AccountRegister - Clicked on Register...
2024-09-09 20:15:11 [main] INFO  testCases.TC_001_AccountRegister - Providing the customer details...
2024-09-09 20:15:11 [main] INFO  testCases.TC_001_AccountRegister - Clicked on Continue...
2024-09-09 20:15:11 [main] INFO  testCases.TC_001_AccountRegister - Validating expected message
2024-09-09 20:15:12 [main] INFO  testCases.TC_001_AccountRegister - Test Passed...
2024-09-09 20:15:12 [main] INFO  testCases.TC_001_AccountRegister - Finished Test Cases.....
2024-09-09 20:17:22 [main] INFO  testCases.TC_001_AccountRegister - Starting Test Cases.....
2024-09-09 20:17:22 [main] INFO  testCases.TC_001_AccountRegister - Clicked on My Account...
2024-09-09 20:17:23 [main] INFO  testCases.TC_001_AccountRegister - Clicked on Register...
2024-09-09 20:17:24 [main] INFO  testCases.TC_001_AccountRegister - Providing the customer details...
2024-09-09 20:17:25 [main] INFO  testCases.TC_001_AccountRegister - Clicked on Continue...
2024-09-09 20:17:25 [main] INFO  testCases.TC_001_AccountRegister - Validating expected message
2024-09-09 20:17:25 [main] INFO  testCases.TC_001_AccountRegister - Test Passed...
2024-09-09 20:17:25 [main] INFO  testCases.TC_001_AccountRegister - Finished Test Cases.....
2024-09-09 20:29:01 [main] INFO  testCases.TC_002_Login - Starting Test Cases.....
2024-09-09 20:29:02 [main] INFO  testCases.TC_002_Login - Clicked on My Account...
2024-09-09 20:29:02 [main] INFO  testCases.TC_002_Login - Clicked on Register...
2024-09-09 20:29:59 [main] INFO  testCases.TC_002_Login - Starting Test Cases.....
2024-09-09 20:30:00 [main] INFO  testCases.TC_002_Login - Clicked on My Account...
2024-09-09 20:30:00 [main] INFO  testCases.TC_002_Login - Clicked on Register...
2024-09-09 20:30:48 [main] INFO  testCases.TC_002_Login - Starting Test Cases.....
2024-09-09 20:30:48 [main] INFO  testCases.TC_002_Login - Clicked on My Account...
2024-09-09 20:30:48 [main] INFO  testCases.TC_002_Login - Clicked on Register...
2024-09-09 20:32:54 [main] INFO  testCases.TC_002_Login - Starting Test Cases.....
2024-09-09 20:32:54 [main] INFO  testCases.TC_002_Login - Finished Test Cases...
2024-09-09 20:34:57 [main] INFO  testCases.TC_002_Login - Starting Test Cases.....
2024-09-09 20:34:57 [main] INFO  testCases.TC_002_Login - Clicked on My Account...
2024-09-09 20:34:57 [main] INFO  testCases.TC_002_Login - Clicked on Register...
2024-09-09 20:34:57 [main] INFO  testCases.TC_002_Login - Finished Test Cases...
2024-09-09 20:35:33 [main] INFO  testCases.TC_002_Login - Starting Test Cases.....
2024-09-09 20:35:33 [main] INFO  testCases.TC_002_Login - Clicked on My Account...
2024-09-09 20:35:34 [main] INFO  testCases.TC_002_Login - Clicked on Register...
2024-09-09 20:36:18 [main] INFO  testCases.TC_002_Login - Starting Test Cases.....
2024-09-09 20:36:18 [main] INFO  testCases.TC_002_Login - Clicked on My Account...
2024-09-09 20:36:19 [main] INFO  testCases.TC_002_Login - Clicked on Register...
2024-09-09 20:36:19 [main] INFO  testCases.TC_002_Login - Finished Test Cases...
2024-09-09 20:37:34 [main] INFO  testCases.TC_002_Login - Starting Test Cases.....
2024-09-09 20:37:34 [main] INFO  testCases.TC_002_Login - Clicked on My Account...
2024-09-09 20:37:35 [main] INFO  testCases.TC_002_Login - Clicked on Register...
2024-09-09 20:37:36 [main] INFO  testCases.TC_002_Login - Provided Login Details...
2024-09-09 20:37:37 [main] INFO  testCases.TC_002_Login - Clicked on Login...
2024-09-09 20:37:37 [main] INFO  testCases.TC_002_Login - Finished Test Cases...
2024-09-09 20:38:00 [main] INFO  testCases.TC_002_Login - Starting Test Cases.....
2024-09-09 20:38:00 [main] INFO  testCases.TC_002_Login - Clicked on My Account...
2024-09-09 20:38:01 [main] INFO  testCases.TC_002_Login - Clicked on Register...
2024-09-09 20:38:02 [main] INFO  testCases.TC_002_Login - Provided Login Details...
2024-09-09 20:38:02 [main] INFO  testCases.TC_002_Login - Clicked on Login...
2024-09-09 20:38:04 [main] INFO  testCases.TC_002_Login - Finished Test Cases...
2024-09-09 20:38:41 [main] INFO  testCases.TC_001_AccountRegister - Starting Test Cases.....
2024-09-09 20:38:41 [main] INFO  testCases.TC_001_AccountRegister - Clicked on My Account...
2024-09-09 20:38:42 [main] INFO  testCases.TC_001_AccountRegister - Clicked on Register...
2024-09-09 20:38:44 [main] INFO  testCases.TC_001_AccountRegister - Providing the customer details...
2024-09-09 20:38:45 [main] INFO  testCases.TC_001_AccountRegister - Clicked on Continue...
2024-09-09 20:38:45 [main] INFO  testCases.TC_001_AccountRegister - Validating expected message
2024-09-09 20:38:45 [main] INFO  testCases.TC_001_AccountRegister - Test Passed...
