2024-09-07 09:02:11 [main] INFO  testCases.TC_001_AccountRegister - Starting Test Cases....
2024-09-07 09:02:11 [main] INFO  testCases.TC_001_AccountRegister - Clicked on My Account...
2024-09-07 09:02:12 [main] INFO  testCases.TC_001_AccountRegister - Clicked on Register...
2024-09-07 09:02:14 [main] INFO  testCases.TC_001_AccountRegister - Providing the customer details...
2024-09-07 09:02:14 [main] INFO  testCases.TC_001_AccountRegister - Clicked on Continue...
2024-09-07 09:02:14 [main] INFO  testCases.TC_001_AccountRegister - Validating expected message
2024-09-07 09:02:15 [main] INFO  testCases.TC_001_AccountRegister - Test Passed...
2024-09-07 09:02:15 [main] INFO  testCases.TC_001_AccountRegister - Finished Test Cases....
2024-09-07 09:03:52 [main] INFO  testCases.TC_001_AccountRegister - Starting Test Cases.....
2024-09-07 09:03:52 [main] INFO  testCases.TC_001_AccountRegister - Clicked on My Account...
2024-09-07 09:03:52 [main] INFO  testCases.TC_001_AccountRegister - Clicked on Register...
2024-09-07 09:03:54 [main] INFO  testCases.TC_001_AccountRegister - Providing the customer details...
2024-09-07 09:03:55 [main] INFO  testCases.TC_001_AccountRegister - Clicked on Continue...
2024-09-07 09:03:55 [main] INFO  testCases.TC_001_AccountRegister - Validating expected message
2024-09-07 09:03:55 [main] INFO  testCases.TC_001_AccountRegister - Test Passed...
2024-09-07 09:03:55 [main] INFO  testCases.TC_001_AccountRegister - Finished Test Cases.....
2024-09-07 09:04:50 [main] INFO  testCases.TC_001_AccountRegister - Starting Test Cases.....
2024-09-07 09:04:51 [main] INFO  testCases.TC_001_AccountRegister - Clicked on My Account...
2024-09-07 09:04:51 [main] INFO  testCases.TC_001_AccountRegister - Clicked on Register...
2024-09-07 09:04:53 [main] INFO  testCases.TC_001_AccountRegister - Providing the customer details...
2024-09-07 09:04:53 [main] INFO  testCases.TC_001_AccountRegister - Clicked on Continue...
2024-09-07 09:04:53 [main] INFO  testCases.TC_001_AccountRegister - Validating expected message
2024-09-07 09:04:53 [main] INFO  testCases.TC_001_AccountRegister - Test Passed...
2024-09-07 09:04:53 [main] INFO  testCases.TC_001_AccountRegister - Finished Test Cases.....
2024-09-07 11:18:09 [TestNG-tests-1] INFO  testCases.TC_001_AccountRegister - Starting Test Cases.....
2024-09-07 11:18:09 [TestNG-tests-1] INFO  testCases.TC_001_AccountRegister - Clicked on My Account...
2024-09-07 11:18:10 [TestNG-tests-1] INFO  testCases.TC_001_AccountRegister - Clicked on Register...
2024-09-07 11:18:11 [TestNG-tests-1] INFO  testCases.TC_001_AccountRegister - Providing the customer details...
2024-09-07 11:18:11 [TestNG-tests-1] INFO  testCases.TC_001_AccountRegister - Clicked on Continue...
2024-09-07 11:18:11 [TestNG-tests-1] INFO  testCases.TC_001_AccountRegister - Validating expected message
2024-09-07 11:18:11 [TestNG-tests-1] INFO  testCases.TC_001_AccountRegister - Test Passed...
2024-09-07 11:18:11 [TestNG-tests-1] INFO  testCases.TC_001_AccountRegister - Finished Test Cases.....
2024-09-07 11:18:28 [TestNG-tests-2] INFO  testCases.TC_001_AccountRegister - Starting Test Cases.....
2024-09-07 11:18:28 [TestNG-tests-2] INFO  testCases.TC_001_AccountRegister - Clicked on My Account...
2024-09-07 11:18:28 [TestNG-tests-2] INFO  testCases.TC_001_AccountRegister - Clicked on Register...
2024-09-07 11:18:29 [TestNG-tests-2] INFO  testCases.TC_001_AccountRegister - Providing the customer details...
2024-09-07 11:18:30 [TestNG-tests-2] INFO  testCases.TC_001_AccountRegister - Clicked on Continue...
2024-09-07 11:18:30 [TestNG-tests-2] INFO  testCases.TC_001_AccountRegister - Validating expected message
2024-09-07 11:18:30 [TestNG-tests-2] INFO  testCases.TC_001_AccountRegister - Test Passed...
2024-09-07 11:18:30 [TestNG-tests-2] INFO  testCases.TC_001_AccountRegister - Finished Test Cases.....
2024-09-07 11:18:55 [TestNG-tests-1] INFO  testCases.TC_001_AccountRegister - Starting Test Cases.....
2024-09-07 11:18:55 [TestNG-tests-2] INFO  testCases.TC_001_AccountRegister - Starting Test Cases.....
2024-09-07 11:18:55 [TestNG-tests-1] INFO  testCases.TC_001_AccountRegister - Clicked on My Account...
2024-09-07 11:18:55 [TestNG-tests-2] INFO  testCases.TC_001_AccountRegister - Clicked on My Account...
2024-09-07 11:18:56 [TestNG-tests-1] INFO  testCases.TC_001_AccountRegister - Clicked on Register...
2024-09-07 11:18:56 [TestNG-tests-2] INFO  testCases.TC_001_AccountRegister - Clicked on Register...
2024-09-07 11:18:57 [TestNG-tests-1] INFO  testCases.TC_001_AccountRegister - Providing the customer details...
2024-09-07 11:18:57 [TestNG-tests-2] INFO  testCases.TC_001_AccountRegister - Providing the customer details...
2024-09-07 11:18:57 [TestNG-tests-1] INFO  testCases.TC_001_AccountRegister - Clicked on Continue...
2024-09-07 11:18:57 [TestNG-tests-1] INFO  testCases.TC_001_AccountRegister - Validating expected message
2024-09-07 11:18:58 [TestNG-tests-1] INFO  testCases.TC_001_AccountRegister - Test Passed...
