2024-09-09 20:38:45 [main] INFO  testCases.TC_001_AccountRegister - Finished Test Cases.....
2024-09-09 20:39:17 [main] INFO  testCases.TC_001_AccountRegister - Starting Test Cases.....
2024-09-09 20:39:17 [main] INFO  testCases.TC_001_AccountRegister - Clicked on My Account...
2024-09-09 20:39:18 [main] INFO  testCases.TC_001_AccountRegister - Clicked on Register...
2024-09-09 20:39:19 [main] INFO  testCases.TC_001_AccountRegister - Providing the customer details...
2024-09-09 20:39:20 [main] INFO  testCases.TC_001_AccountRegister - Clicked on Continue...
2024-09-09 20:39:20 [main] INFO  testCases.TC_001_AccountRegister - Validating expected message
2024-09-09 20:39:20 [main] INFO  testCases.TC_001_AccountRegister - Test Passed...
2024-09-09 20:39:20 [main] INFO  testCases.TC_001_AccountRegister - Finished Test Cases.....
2024-09-09 20:39:26 [main] INFO  testCases.TC_002_Login - Starting Test Cases.....
2024-09-09 20:39:27 [main] INFO  testCases.TC_002_Login - Clicked on My Account...
2024-09-09 20:39:27 [main] INFO  testCases.TC_002_Login - Clicked on Register...
2024-09-09 20:39:28 [main] INFO  testCases.TC_002_Login - Provided Login Details...
2024-09-09 20:39:29 [main] INFO  testCases.TC_002_Login - Clicked on Login...
2024-09-09 20:39:29 [main] INFO  testCases.TC_002_Login - Finished Test Cases...
2024-09-10 09:26:07 [main] INFO  testCases.TC_001_AccountRegister - Starting Test Cases.....
2024-09-10 09:26:07 [main] INFO  testCases.TC_001_AccountRegister - Clicked on My Account...
2024-09-10 09:26:08 [main] INFO  testCases.TC_001_AccountRegister - Clicked on Register...
2024-09-10 09:26:10 [main] INFO  testCases.TC_001_AccountRegister - Providing the customer details...
2024-09-10 09:26:10 [main] INFO  testCases.TC_001_AccountRegister - Clicked on Continue...
2024-09-10 09:26:10 [main] INFO  testCases.TC_001_AccountRegister - Validating expected message
2024-09-10 09:26:10 [main] INFO  testCases.TC_001_AccountRegister - Test Passed...
2024-09-10 09:26:10 [main] INFO  testCases.TC_001_AccountRegister - Finished Test Cases.....
2024-09-10 09:26:21 [main] INFO  testCases.TC_002_Login - Starting Test Cases.....
2024-09-10 09:26:21 [main] INFO  testCases.TC_002_Login - Clicked on My Account...
2024-09-10 09:26:22 [main] INFO  testCases.TC_002_Login - Clicked on Register...
2024-09-10 09:26:22 [main] INFO  testCases.TC_002_Login - Provided Login Details...
2024-09-10 09:26:23 [main] INFO  testCases.TC_002_Login - Clicked on Login...
2024-09-10 09:26:24 [main] INFO  testCases.TC_002_Login - Finished Test Cases...
2024-09-10 09:29:20 [main] INFO  testCases.TC_001_AccountRegister - Starting Test Cases.....
2024-09-10 09:29:20 [main] INFO  testCases.TC_001_AccountRegister - Clicked on My Account...
2024-09-10 09:29:21 [main] INFO  testCases.TC_001_AccountRegister - Clicked on Register...
2024-09-10 09:29:23 [main] INFO  testCases.TC_001_AccountRegister - Providing the customer details...
2024-09-10 09:29:24 [main] INFO  testCases.TC_001_AccountRegister - Clicked on Continue...
2024-09-10 09:29:24 [main] INFO  testCases.TC_001_AccountRegister - Validating expected message
2024-09-10 09:29:24 [main] INFO  testCases.TC_001_AccountRegister - Test Passed...
2024-09-10 09:29:24 [main] INFO  testCases.TC_001_AccountRegister - Finished Test Cases.....
2024-09-10 09:29:30 [main] INFO  testCases.TC_002_Login - Starting Test Cases.....
2024-09-10 09:29:30 [main] INFO  testCases.TC_002_Login - Clicked on My Account...
2024-09-10 09:29:30 [main] INFO  testCases.TC_002_Login - Clicked on Register...
2024-09-10 09:29:31 [main] INFO  testCases.TC_002_Login - Provided Login Details...
2024-09-10 09:29:32 [main] INFO  testCases.TC_002_Login - Clicked on Login...
2024-09-10 09:29:33 [main] INFO  testCases.TC_002_Login - Finished Test Cases...
2024-09-10 09:30:35 [main] INFO  testCases.TC_001_AccountRegister - Starting Test Cases.....
2024-09-10 09:30:36 [main] INFO  testCases.TC_001_AccountRegister - Clicked on My Account...
2024-09-10 09:30:36 [main] INFO  testCases.TC_001_AccountRegister - Clicked on Register...
2024-09-10 09:30:38 [main] INFO  testCases.TC_001_AccountRegister - Providing the customer details...
2024-09-10 09:30:39 [main] INFO  testCases.TC_001_AccountRegister - Clicked on Continue...
2024-09-10 09:30:39 [main] INFO  testCases.TC_001_AccountRegister - Validating expected message
2024-09-10 09:30:39 [main] INFO  testCases.TC_001_AccountRegister - Test Passed...
2024-09-10 09:30:39 [main] INFO  testCases.TC_001_AccountRegister - Finished Test Cases.....
2024-09-10 09:30:45 [main] INFO  testCases.TC_002_Login - Starting Test Cases.....
2024-09-10 09:30:46 [main] INFO  testCases.TC_002_Login - Clicked on My Account...
2024-09-10 09:30:46 [main] INFO  testCases.TC_002_Login - Clicked on Register...
2024-09-10 09:30:46 [main] INFO  testCases.TC_002_Login - Provided Login Details...
2024-09-10 09:30:47 [main] INFO  testCases.TC_002_Login - Clicked on Login...
2024-09-10 09:30:48 [main] INFO  testCases.TC_002_Login - Finished Test Cases...
